<?xml version="1.0" encoding="UTF-8"?>
<testng-results skipped="0" failed="0" ignored="0" total="1" passed="1">
  <reporter-output>
  </reporter-output>
  <suite name="RegressionSuite" duration-ms="33730" started-at="2020-01-05T02:24:49Z" finished-at="2020-01-05T02:25:23Z">
    <groups>
    </groups>
    <test name="Tests" duration-ms="33730" started-at="2020-01-05T02:24:49Z" finished-at="2020-01-05T02:25:23Z">
      <class name="com.retestfreecrm.test.ContactTest">
        <test-method status="PASS" signature="setUp(java.lang.String)[pri:0, instance:com.retestfreecrm.test.ContactTest@3c0ecd4b]" name="setUp" is-config="true" duration-ms="24895" started-at="2020-01-05T02:24:51Z" finished-at="2020-01-05T02:25:15Z">
          <params>
            <param index="0">
              <value>
                <![CDATA[chrome]]>
              </value>
            </param>
          </params>
          <reporter-output>
          </reporter-output>
        </test-method> <!-- setUp -->
        <test-method status="PASS" signature="validateContactsPage(java.lang.String, java.lang.String)[pri:1, instance:com.retestfreecrm.test.ContactTest@3c0ecd4b]" name="validateContactsPage" duration-ms="6638" started-at="2020-01-05T02:25:15Z" data-provider="getCRMTestData" finished-at="2020-01-05T02:25:22Z">
          <params>
            <param index="0">
              <value>
                <![CDATA[Kam]]>
              </value>
            </param>
            <param index="1">
              <value>
                <![CDATA[Tower1]]>
              </value>
            </param>
          </params>
          <reporter-output>
          </reporter-output>
        </test-method> <!-- validateContactsPage -->
        <test-method status="PASS" signature="tearDown()[pri:0, instance:com.retestfreecrm.test.ContactTest@3c0ecd4b]" name="tearDown" is-config="true" duration-ms="1167" started-at="2020-01-05T02:25:22Z" finished-at="2020-01-05T02:25:23Z">
          <reporter-output>
          </reporter-output>
        </test-method> <!-- tearDown -->
      </class> <!-- com.retestfreecrm.test.ContactTest -->
    </test> <!-- Tests -->
  </suite> <!-- RegressionSuite -->
</testng-results>
